[0924/005520.875:ERROR:process_memory_win.cc(73)] ReadMemory at 0x7ff7f3480000 of 64 bytes failed: Only part of a ReadProcessMemory or WriteProcessMemory request was completed. (0x12B)
[0924/005520.876:WARNING:pe_image_reader.cc(340)] could not read dos header from C:\Program Files (x86)\Google\Chrome\Application\chrome.exe
[0924/005520.876:ERROR:process_memory_win.cc(73)] ReadMemory at 0x7ffd99d80000 of 64 bytes failed: Only part of a ReadProcessMemory or WriteProcessMemory request was completed. (0x12B)
[0924/005520.877:WARNING:pe_image_reader.cc(340)] could not read dos header from C:\Program Files (x86)\Google\Chrome\Application\77.0.3865.90\chrome_elf.dll
[0924/005520.877:ERROR:process_memory_win.cc(73)] ReadMemory at 0x23348730000 of 64 bytes failed: Only part of a ReadProcessMemory or WriteProcessMemory request was completed. (0x12B)
[0924/005520.882:WARNING:pe_image_reader.cc(340)] could not read dos header from C:\WINDOWS\System32\GDI32.dll
[0924/005520.882:ERROR:process_memory_win.cc(73)] ReadMemory at 0x7ffd71a50000 of 64 bytes failed: Only part of a ReadProcessMemory or WriteProcessMemory request was completed. (0x12B)
[0924/005520.882:WARNING:pe_image_reader.cc(340)] could not read dos header from C:\Program Files (x86)\Google\Chrome\Application\77.0.3865.90\chrome_child.dll
[0924/005520.883:ERROR:process_memory_win.cc(73)] ReadMemory at 0x7ffd97f60000 of 64 bytes failed: Only part of a ReadProcessMemory or WriteProcessMemory request was completed. (0x12B)
[0924/005520.883:WARNING:pe_image_reader.cc(340)] could not read dos header from C:\WINDOWS\SYSTEM32\DWrite.dll
[0924/005520.883:ERROR:process_memory_win.cc(73)] ReadMemory at 0x7ffd9ced0000 of 64 bytes failed: Only part of a ReadProcessMemory or WriteProcessMemory request was completed. (0x12B)
[0924/005520.883:WARNING:pe_image_reader.cc(340)] could not read dos header from C:\WINDOWS\SYSTEM32\dbghelp.dll
[0924/005520.884:ERROR:process_memory_win.cc(73)] ReadMemory at 0x7ffd83210000 of 64 bytes failed: Only part of a ReadProcessMemory or WriteProcessMemory request was completed. (0x12B)
[0924/005520.884:WARNING:pe_image_reader.cc(340)] could not read dos header from C:\WINDOWS\SYSTEM32\mf.dll
[0924/005520.884:ERROR:process_memory_win.cc(73)] ReadMemory at 0x7ffd82f90000 of 64 bytes failed: Only part of a ReadProcessMemory or WriteProcessMemory request was completed. (0x12B)
[0924/005520.884:WARNING:pe_image_reader.cc(340)] could not read dos header from C:\WINDOWS\SYSTEM32\msmpeg2vdec.dll
[0924/005520.884:ERROR:process_memory_win.cc(73)] ReadMemory at 0x7ffd7e910000 of 64 bytes failed: Only part of a ReadProcessMemory or WriteProcessMemory request was completed. (0x12B)
[0924/005520.884:WARNING:pe_image_reader.cc(340)] could not read dos header from C:\WINDOWS\SYSTEM32\mfperfhelper.dll
[0924/005520.884:ERROR:process_memory_win.cc(73)] ReadMemory at 0x7ffd9c320000 of 64 bytes failed: Only part of a ReadProcessMemory or WriteProcessMemory request was completed. (0x12B)
[0924/005520.884:WARNING:pe_image_reader.cc(340)] could not read dos header from C:\WINDOWS\SYSTEM32\dxva2.dll
[0924/005520.884:ERROR:process_memory_win.cc(73)] ReadMemory at 0x7ffd7e790000 of 64 bytes failed: Only part of a ReadProcessMemory or WriteProcessMemory request was completed. (0x12B)
[0924/005520.884:WARNING:pe_image_reader.cc(340)] could not read dos header from C:\WINDOWS\SYSTEM32\msvproc.dll
[0924/005520.885:ERROR:process_memory_win.cc(73)] ReadMemory at 0x7ffd7dae0000 of 64 bytes failed: Only part of a ReadProcessMemory or WriteProcessMemory request was completed. (0x12B)
[0924/005520.885:WARNING:pe_image_reader.cc(340)] could not read dos header from C:\Program Files (x86)\Google\Chrome\Application\77.0.3865.90\libglesv2.dll
[0924/005520.885:ERROR:process_memory_win.cc(73)] ReadMemory at 0x7ffd86360000 of 64 bytes failed: Only part of a ReadProcessMemory or WriteProcessMemory request was completed. (0x12B)
[0924/005520.885:WARNING:pe_image_reader.cc(340)] could not read dos header from C:\Program Files (x86)\Google\Chrome\Application\77.0.3865.90\libegl.dll
[0924/005520.885:ERROR:process_memory_win.cc(73)] ReadMemory at 0x7ffd986e0000 of 64 bytes failed: Only part of a ReadProcessMemory or WriteProcessMemory request was completed. (0x12B)
[0924/005520.885:WARNING:pe_image_reader.cc(340)] could not read dos header from C:\Windows\System32\mfh264enc.dll
[0924/005520.885:ERROR:process_memory_win.cc(73)] ReadMemory at 0x7ffd7ce70000 of 64 bytes failed: Only part of a ReadProcessMemory or WriteProcessMemory request was completed. (0x12B)
[0924/005520.886:WARNING:pe_image_reader.cc(340)] could not read dos header from C:\Windows\System32\Windows.Media.dll
[0924/005520.886:ERROR:process_memory_win.cc(73)] ReadMemory at 0x7ff7f3480000 of 64 bytes failed: Only part of a ReadProcessMemory or WriteProcessMemory request was completed. (0x12B)
[0924/005520.886:WARNING:pe_image_reader.cc(340)] could not read dos header from C:\Program Files (x86)\Google\Chrome\Application\chrome.exe
[0924/005520.886:ERROR:process_memory_win.cc(73)] ReadMemory at 0x7ff7f3480000 of 64 bytes failed: Only part of a ReadProcessMemory or WriteProcessMemory request was completed. (0x12B)
[0924/005520.886:WARNING:pe_image_reader.cc(340)] could not read dos header from C:\Program Files (x86)\Google\Chrome\Application\chrome.exe
[0924/005520.886:ERROR:process_memory_win.cc(73)] ReadMemory at 0x7ffd99d80000 of 64 bytes failed: Only part of a ReadProcessMemory or WriteProcessMemory request was completed. (0x12B)
[0924/005520.886:WARNING:pe_image_reader.cc(340)] could not read dos header from C:\Program Files (x86)\Google\Chrome\Application\77.0.3865.90\chrome_elf.dll
[0924/005520.886:ERROR:process_memory_win.cc(73)] ReadMemory at 0x7ffd99d80000 of 64 bytes failed: Only part of a ReadProcessMemory or WriteProcessMemory request was completed. (0x12B)
[0924/005520.886:WARNING:pe_image_reader.cc(340)] could not read dos header from C:\Program Files (x86)\Google\Chrome\Application\77.0.3865.90\chrome_elf.dll
[0924/005520.887:ERROR:process_memory_win.cc(73)] ReadMemory at 0x23348730000 of 64 bytes failed: Only part of a ReadProcessMemory or WriteProcessMemory request was completed. (0x12B)
[0924/005520.887:WARNING:pe_image_reader.cc(340)] could not read dos header from C:\WINDOWS\System32\GDI32.dll
[0924/005520.887:ERROR:process_memory_win.cc(73)] ReadMemory at 0x23348730000 of 64 bytes failed: Only part of a ReadProcessMemory or WriteProcessMemory request was completed. (0x12B)
[0924/005520.887:WARNING:pe_image_reader.cc(340)] could not read dos header from C:\WINDOWS\System32\GDI32.dll
[0924/005520.888:ERROR:process_memory_win.cc(73)] ReadMemory at 0x7ffd71a50000 of 64 bytes failed: Only part of a ReadProcessMemory or WriteProcessMemory request was completed. (0x12B)
[0924/005520.888:WARNING:pe_image_reader.cc(340)] could not read dos header from C:\Program Files (x86)\Google\Chrome\Application\77.0.3865.90\chrome_child.dll
[0924/005520.888:ERROR:process_memory_win.cc(73)] ReadMemory at 0x7ffd71a50000 of 64 bytes failed: Only part of a ReadProcessMemory or WriteProcessMemory request was completed. (0x12B)
[0924/005520.888:WARNING:pe_image_reader.cc(340)] could not read dos header from C:\Program Files (x86)\Google\Chrome\Application\77.0.3865.90\chrome_child.dll
[0924/005520.888:ERROR:process_memory_win.cc(73)] ReadMemory at 0x7ffd97f60000 of 64 bytes failed: Only part of a ReadProcessMemory or WriteProcessMemory request was completed. (0x12B)
[0924/005520.889:WARNING:pe_image_reader.cc(340)] could not read dos header from C:\WINDOWS\SYSTEM32\DWrite.dll
[0924/005520.889:ERROR:process_memory_win.cc(73)] ReadMemory at 0x7ffd97f60000 of 64 bytes failed: Only part of a ReadProcessMemory or WriteProcessMemory request was completed. (0x12B)
[0924/005520.889:WARNING:pe_image_reader.cc(340)] could not read dos header from C:\WINDOWS\SYSTEM32\DWrite.dll
[0924/005520.889:ERROR:process_memory_win.cc(73)] ReadMemory at 0x7ffd9ced0000 of 64 bytes failed: Only part of a ReadProcessMemory or WriteProcessMemory request was completed. (0x12B)
[0924/005520.889:WARNING:pe_image_reader.cc(340)] could not read dos header from C:\WINDOWS\SYSTEM32\dbghelp.dll
[0924/005520.889:ERROR:process_memory_win.cc(73)] ReadMemory at 0x7ffd9ced0000 of 64 bytes failed: Only part of a ReadProcessMemory or WriteProcessMemory request was completed. (0x12B)
[0924/005520.889:WARNING:pe_image_reader.cc(340)] could not read dos header from C:\WINDOWS\SYSTEM32\dbghelp.dll
[0924/005520.891:ERROR:process_memory_win.cc(73)] ReadMemory at 0x7ffd83210000 of 64 bytes failed: Only part of a ReadProcessMemory or WriteProcessMemory request was completed. (0x12B)
[0924/005520.891:WARNING:pe_image_reader.cc(340)] could not read dos header from C:\WINDOWS\SYSTEM32\mf.dll
[0924/005520.891:ERROR:process_memory_win.cc(73)] ReadMemory at 0x7ffd83210000 of 64 bytes failed: Only part of a ReadProcessMemory or WriteProcessMemory request was completed. (0x12B)
[0924/005520.891:WARNING:pe_image_reader.cc(340)] could not read dos header from C:\WINDOWS\SYSTEM32\mf.dll
[0924/005520.891:ERROR:process_memory_win.cc(73)] ReadMemory at 0x7ffd82f90000 of 64 bytes failed: Only part of a ReadProcessMemory or WriteProcessMemory request was completed. (0x12B)
[0924/005520.891:WARNING:pe_image_reader.cc(340)] could not read dos header from C:\WINDOWS\SYSTEM32\msmpeg2vdec.dll
[0924/005520.891:ERROR:process_memory_win.cc(73)] ReadMemory at 0x7ffd82f90000 of 64 bytes failed: Only part of a ReadProcessMemory or WriteProcessMemory request was completed. (0x12B)
[0924/005520.891:WARNING:pe_image_reader.cc(340)] could not read dos header from C:\WINDOWS\SYSTEM32\msmpeg2vdec.dll
[0924/005520.891:ERROR:process_memory_win.cc(73)] ReadMemory at 0x7ffd7e910000 of 64 bytes failed: Only part of a ReadProcessMemory or WriteProcessMemory request was completed. (0x12B)
[0924/005520.891:WARNING:pe_image_reader.cc(340)] could not read dos header from C:\WINDOWS\SYSTEM32\mfperfhelper.dll
[0924/005520.891:ERROR:process_memory_win.cc(73)] ReadMemory at 0x7ffd7e910000 of 64 bytes failed: Only part of a ReadProcessMemory or WriteProcessMemory request was completed. (0x12B)
[0924/005520.891:WARNING:pe_image_reader.cc(340)] could not read dos header from C:\WINDOWS\SYSTEM32\mfperfhelper.dll
[0924/005520.892:ERROR:process_memory_win.cc(73)] ReadMemory at 0x7ffd9c320000 of 64 bytes failed: Only part of a ReadProcessMemory or WriteProcessMemory request was completed. (0x12B)
[0924/005520.892:WARNING:pe_image_reader.cc(340)] could not read dos header from C:\WINDOWS\SYSTEM32\dxva2.dll
[0924/005520.892:ERROR:process_memory_win.cc(73)] ReadMemory at 0x7ffd9c320000 of 64 bytes failed: Only part of a ReadProcessMemory or WriteProcessMemory request was completed. (0x12B)
[0924/005520.892:WARNING:pe_image_reader.cc(340)] could not read dos header from C:\WINDOWS\SYSTEM32\dxva2.dll
[0924/005520.892:ERROR:process_memory_win.cc(73)] ReadMemory at 0x7ffd7e790000 of 64 bytes failed: Only part of a ReadProcessMemory or WriteProcessMemory request was completed. (0x12B)
[0924/005520.892:WARNING:pe_image_reader.cc(340)] could not read dos header from C:\WINDOWS\SYSTEM32\msvproc.dll
[0924/005520.892:ERROR:process_memory_win.cc(73)] ReadMemory at 0x7ffd7e790000 of 64 bytes failed: Only part of a ReadProcessMemory or WriteProcessMemory request was completed. (0x12B)
[0924/005520.892:WARNING:pe_image_reader.cc(340)] could not read dos header from C:\WINDOWS\SYSTEM32\msvproc.dll
[0924/005520.892:ERROR:process_memory_win.cc(73)] ReadMemory at 0x7ffd7dae0000 of 64 bytes failed: Only part of a ReadProcessMemory or WriteProcessMemory request was completed. (0x12B)
[0924/005520.892:WARNING:pe_image_reader.cc(340)] could not read dos header from C:\Program Files (x86)\Google\Chrome\Application\77.0.3865.90\libglesv2.dll
[0924/005520.892:ERROR:process_memory_win.cc(73)] ReadMemory at 0x7ffd7dae0000 of 64 bytes failed: Only part of a ReadProcessMemory or WriteProcessMemory request was completed. (0x12B)
[0924/005520.892:WARNING:pe_image_reader.cc(340)] could not read dos header from C:\Program Files (x86)\Google\Chrome\Application\77.0.3865.90\libglesv2.dll
[0924/005520.892:ERROR:process_memory_win.cc(73)] ReadMemory at 0x7ffd86360000 of 64 bytes failed: Only part of a ReadProcessMemory or WriteProcessMemory request was completed. (0x12B)
[0924/005520.894:WARNING:pe_image_reader.cc(340)] could not read dos header from C:\Program Files (x86)\Google\Chrome\Application\77.0.3865.90\libegl.dll
[0924/005520.894:ERROR:process_memory_win.cc(73)] ReadMemory at 0x7ffd86360000 of 64 bytes failed: Only part of a ReadProcessMemory or WriteProcessMemory request was completed. (0x12B)
[0924/005520.894:WARNING:pe_image_reader.cc(340)] could not read dos header from C:\Program Files (x86)\Google\Chrome\Application\77.0.3865.90\libegl.dll
[0924/005520.896:ERROR:process_memory_win.cc(73)] ReadMemory at 0x7ffd986e0000 of 64 bytes failed: Only part of a ReadProcessMemory or WriteProcessMemory request was completed. (0x12B)
[0924/005520.896:WARNING:pe_image_reader.cc(340)] could not read dos header from C:\Windows\System32\mfh264enc.dll
[0924/005520.896:ERROR:process_memory_win.cc(73)] ReadMemory at 0x7ffd986e0000 of 64 bytes failed: Only part of a ReadProcessMemory or WriteProcessMemory request was completed. (0x12B)
[0924/005520.896:WARNING:pe_image_reader.cc(340)] could not read dos header from C:\Windows\System32\mfh264enc.dll
[0924/005520.896:ERROR:process_memory_win.cc(73)] ReadMemory at 0x7ffd7ce70000 of 64 bytes failed: Only part of a ReadProcessMemory or WriteProcessMemory request was completed. (0x12B)
[0924/005520.896:WARNING:pe_image_reader.cc(340)] could not read dos header from C:\Windows\System32\Windows.Media.dll
[0924/005520.896:ERROR:process_memory_win.cc(73)] ReadMemory at 0x7ffd7ce70000 of 64 bytes failed: Only part of a ReadProcessMemory or WriteProcessMemory request was completed. (0x12B)
[0924/005520.896:WARNING:pe_image_reader.cc(340)] could not read dos header from C:\Windows\System32\Windows.Media.dll
[0924/005521.039:ERROR:process_memory_win.cc(73)] ReadMemory at 0x7ff7f3480000 of 64 bytes failed: Only part of a ReadProcessMemory or WriteProcessMemory request was completed. (0x12B)
[0924/005521.039:WARNING:pe_image_reader.cc(340)] could not read dos header from C:\Program Files (x86)\Google\Chrome\Application\chrome.exe
[0924/005521.039:ERROR:process_memory_win.cc(73)] ReadMemory at 0x7ffd99d80000 of 64 bytes failed: Only part of a ReadProcessMemory or WriteProcessMemory request was completed. (0x12B)
[0924/005521.039:WARNING:pe_image_reader.cc(340)] could not read dos header from C:\Program Files (x86)\Google\Chrome\Application\77.0.3865.90\chrome_elf.dll
[0924/005521.040:ERROR:process_memory_win.cc(73)] ReadMemory at 0x23348730000 of 64 bytes failed: Only part of a ReadProcessMemory or WriteProcessMemory request was completed. (0x12B)
[0924/005521.040:WARNING:pe_image_reader.cc(340)] could not read dos header from C:\WINDOWS\System32\GDI32.dll
[0924/005521.040:ERROR:process_memory_win.cc(73)] ReadMemory at 0x7ffd71a50000 of 64 bytes failed: Only part of a ReadProcessMemory or WriteProcessMemory request was completed. (0x12B)
[0924/005521.040:WARNING:pe_image_reader.cc(340)] could not read dos header from C:\Program Files (x86)\Google\Chrome\Application\77.0.3865.90\chrome_child.dll
[0924/005521.040:ERROR:process_memory_win.cc(73)] ReadMemory at 0x7ffd97f60000 of 64 bytes failed: Only part of a ReadProcessMemory or WriteProcessMemory request was completed. (0x12B)
[0924/005521.040:WARNING:pe_image_reader.cc(340)] could not read dos header from C:\WINDOWS\SYSTEM32\DWrite.dll
[0924/005521.041:ERROR:process_memory_win.cc(73)] ReadMemory at 0x7ffd9ced0000 of 64 bytes failed: Only part of a ReadProcessMemory or WriteProcessMemory request was completed. (0x12B)
[0924/005521.041:WARNING:pe_image_reader.cc(340)] could not read dos header from C:\WINDOWS\SYSTEM32\dbghelp.dll
[0924/005521.041:ERROR:process_memory_win.cc(73)] ReadMemory at 0x7ffd83210000 of 64 bytes failed: Only part of a ReadProcessMemory or WriteProcessMemory request was completed. (0x12B)
[0924/005521.041:WARNING:pe_image_reader.cc(340)] could not read dos header from C:\WINDOWS\SYSTEM32\mf.dll
[0924/005521.042:ERROR:process_memory_win.cc(73)] ReadMemory at 0x7ffd82f90000 of 64 bytes failed: Only part of a ReadProcessMemory or WriteProcessMemory request was completed. (0x12B)
[0924/005521.042:WARNING:pe_image_reader.cc(340)] could not read dos header from C:\WINDOWS\SYSTEM32\msmpeg2vdec.dll
[0924/005521.042:ERROR:process_memory_win.cc(73)] ReadMemory at 0x7ffd7e910000 of 64 bytes failed: Only part of a ReadProcessMemory or WriteProcessMemory request was completed. (0x12B)
[0924/005521.042:WARNING:pe_image_reader.cc(340)] could not read dos header from C:\WINDOWS\SYSTEM32\mfperfhelper.dll
[0924/005521.042:ERROR:process_memory_win.cc(73)] ReadMemory at 0x7ffd9c320000 of 64 bytes failed: Only part of a ReadProcessMemory or WriteProcessMemory request was completed. (0x12B)
[0924/005521.042:WARNING:pe_image_reader.cc(340)] could not read dos header from C:\WINDOWS\SYSTEM32\dxva2.dll
[0924/005521.042:ERROR:process_memory_win.cc(73)] ReadMemory at 0x7ffd7e790000 of 64 bytes failed: Only part of a ReadProcessMemory or WriteProcessMemory request was completed. (0x12B)
[0924/005521.042:WARNING:pe_image_reader.cc(340)] could not read dos header from C:\WINDOWS\SYSTEM32\msvproc.dll
[0924/005521.042:ERROR:process_memory_win.cc(73)] ReadMemory at 0x7ffd7dae0000 of 64 bytes failed: Only part of a ReadProcessMemory or WriteProcessMemory request was completed. (0x12B)
[0924/005521.042:WARNING:pe_image_reader.cc(340)] could not read dos header from C:\Program Files (x86)\Google\Chrome\Application\77.0.3865.90\libglesv2.dll
[0924/005521.042:ERROR:process_memory_win.cc(73)] ReadMemory at 0x7ffd86360000 of 64 bytes failed: Only part of a ReadProcessMemory or WriteProcessMemory request was completed. (0x12B)
[0924/005521.042:WARNING:pe_image_reader.cc(340)] could not read dos header from C:\Program Files (x86)\Google\Chrome\Application\77.0.3865.90\libegl.dll
[0924/005521.043:ERROR:process_memory_win.cc(73)] ReadMemory at 0x7ffd986e0000 of 64 bytes failed: Only part of a ReadProcessMemory or WriteProcessMemory request was completed. (0x12B)
[0924/005521.043:WARNING:pe_image_reader.cc(340)] could not read dos header from C:\Windows\System32\mfh264enc.dll
[0924/005521.043:ERROR:process_memory_win.cc(73)] ReadMemory at 0x7ffd7ce70000 of 64 bytes failed: Only part of a ReadProcessMemory or WriteProcessMemory request was completed. (0x12B)
[0924/005521.043:WARNING:pe_image_reader.cc(340)] could not read dos header from C:\Windows\System32\Windows.Media.dll
[0924/005521.043:ERROR:process_memory_win.cc(73)] ReadMemory at 0x7ff7f3480000 of 64 bytes failed: Only part of a ReadProcessMemory or WriteProcessMemory request was completed. (0x12B)
[0924/005521.043:WARNING:pe_image_reader.cc(340)] could not read dos header from C:\Program Files (x86)\Google\Chrome\Application\chrome.exe
[0924/005521.043:ERROR:process_memory_win.cc(73)] ReadMemory at 0x7ffd99d80000 of 64 bytes failed: Only part of a ReadProcessMemory or WriteProcessMemory request was completed. (0x12B)
[0924/005521.043:WARNING:pe_image_reader.cc(340)] could not read dos header from C:\Program Files (x86)\Google\Chrome\Application\77.0.3865.90\chrome_elf.dll
[0924/005521.044:ERROR:process_memory_win.cc(73)] ReadMemory at 0x23348730000 of 64 bytes failed: Only part of a ReadProcessMemory or WriteProcessMemory request was completed. (0x12B)
[0924/005521.044:WARNING:pe_image_reader.cc(340)] could not read dos header from C:\WINDOWS\System32\GDI32.dll
[0924/005521.044:ERROR:process_memory_win.cc(73)] ReadMemory at 0x7ffd71a50000 of 64 bytes failed: Only part of a ReadProcessMemory or WriteProcessMemory request was completed. (0x12B)
[0924/005521.044:WARNING:pe_image_reader.cc(340)] could not read dos header from C:\Program Files (x86)\Google\Chrome\Application\77.0.3865.90\chrome_child.dll
[0924/005521.044:ERROR:process_memory_win.cc(73)] ReadMemory at 0x7ffd97f60000 of 64 bytes failed: Only part of a ReadProcessMemory or WriteProcessMemory request was completed. (0x12B)
[0924/005521.044:WARNING:pe_image_reader.cc(340)] could not read dos header from C:\WINDOWS\SYSTEM32\DWrite.dll
[0924/005521.044:ERROR:process_memory_win.cc(73)] ReadMemory at 0x7ffd9ced0000 of 64 bytes failed: Only part of a ReadProcessMemory or WriteProcessMemory request was completed. (0x12B)
[0924/005521.044:WARNING:pe_image_reader.cc(340)] could not read dos header from C:\WINDOWS\SYSTEM32\dbghelp.dll
[0924/005521.045:ERROR:process_memory_win.cc(73)] ReadMemory at 0x7ffd83210000 of 64 bytes failed: Only part of a ReadProcessMemory or WriteProcessMemory request was completed. (0x12B)
[0924/005521.045:WARNING:pe_image_reader.cc(340)] could not read dos header from C:\WINDOWS\SYSTEM32\mf.dll
[0924/005521.045:ERROR:process_memory_win.cc(73)] ReadMemory at 0x7ffd82f90000 of 64 bytes failed: Only part of a ReadProcessMemory or WriteProcessMemory request was completed. (0x12B)
[0924/005521.045:WARNING:pe_image_reader.cc(340)] could not read dos header from C:\WINDOWS\SYSTEM32\msmpeg2vdec.dll
[0924/005521.045:ERROR:process_memory_win.cc(73)] ReadMemory at 0x7ffd7e910000 of 64 bytes failed: Only part of a ReadProcessMemory or WriteProcessMemory request was completed. (0x12B)
[0924/005521.045:WARNING:pe_image_reader.cc(340)] could not read dos header from C:\WINDOWS\SYSTEM32\mfperfhelper.dll
[0924/005521.045:ERROR:process_memory_win.cc(73)] ReadMemory at 0x7ffd9c320000 of 64 bytes failed: Only part of a ReadProcessMemory or WriteProcessMemory request was completed. (0x12B)
[0924/005521.045:WARNING:pe_image_reader.cc(340)] could not read dos header from C:\WINDOWS\SYSTEM32\dxva2.dll
[0924/005521.046:ERROR:process_memory_win.cc(73)] ReadMemory at 0x7ffd7e790000 of 64 bytes failed: Only part of a ReadProcessMemory or WriteProcessMemory request was completed. (0x12B)
[0924/005521.046:WARNING:pe_image_reader.cc(340)] could not read dos header from C:\WINDOWS\SYSTEM32\msvproc.dll
[0924/005521.046:ERROR:process_memory_win.cc(73)] ReadMemory at 0x7ffd7dae0000 of 64 bytes failed: Only part of a ReadProcessMemory or WriteProcessMemory request was completed. (0x12B)
[0924/005521.046:WARNING:pe_image_reader.cc(340)] could not read dos header from C:\Program Files (x86)\Google\Chrome\Application\77.0.3865.90\libglesv2.dll
[0924/005521.046:ERROR:process_memory_win.cc(73)] ReadMemory at 0x7ffd86360000 of 64 bytes failed: Only part of a ReadProcessMemory or WriteProcessMemory request was completed. (0x12B)
[0924/005521.046:WARNING:pe_image_reader.cc(340)] could not read dos header from C:\Program Files (x86)\Google\Chrome\Application\77.0.3865.90\libegl.dll
[0924/005521.046:ERROR:process_memory_win.cc(73)] ReadMemory at 0x7ffd986e0000 of 64 bytes failed: Only part of a ReadProcessMemory or WriteProcessMemory request was completed. (0x12B)
[0924/005521.046:WARNING:pe_image_reader.cc(340)] could not read dos header from C:\Windows\System32\mfh264enc.dll
[0924/005521.046:ERROR:process_memory_win.cc(73)] ReadMemory at 0x7ffd7ce70000 of 64 bytes failed: Only part of a ReadProcessMemory or WriteProcessMemory request was completed. (0x12B)
[0924/005521.046:WARNING:pe_image_reader.cc(340)] could not read dos header from C:\Windows\System32\Windows.Media.dll
[0924/005521.070:ERROR:process_memory_win.cc(73)] ReadMemory at 0x5c06ff9000 of 28672 bytes failed: Only part of a ReadProcessMemory or WriteProcessMemory request was completed. (0x12B)
[0924/005521.070:ERROR:process_memory_win.cc(73)] ReadMemory at 0x5c077fd000 of 12288 bytes failed: Only part of a ReadProcessMemory or WriteProcessMemory request was completed. (0x12B)
[0924/005521.070:ERROR:process_memory_win.cc(73)] ReadMemory at 0x5c07ffd000 of 12288 bytes failed: Only part of a ReadProcessMemory or WriteProcessMemory request was completed. (0x12B)
[0924/005521.070:ERROR:process_memory_win.cc(73)] ReadMemory at 0x5c087fd000 of 12288 bytes failed: Only part of a ReadProcessMemory or WriteProcessMemory request was completed. (0x12B)
[0924/005521.071:ERROR:process_memory_win.cc(73)] ReadMemory at 0x5c08ffd000 of 12288 bytes failed: Only part of a ReadProcessMemory or WriteProcessMemory request was completed. (0x12B)
[0924/005521.071:ERROR:process_memory_win.cc(73)] ReadMemory at 0x5c097fc000 of 16384 bytes failed: Only part of a ReadProcessMemory or WriteProcessMemory request was completed. (0x12B)
[0924/005521.071:ERROR:process_memory_win.cc(73)] ReadMemory at 0x5c09ffe000 of 8192 bytes failed: Only part of a ReadProcessMemory or WriteProcessMemory request was completed. (0x12B)
[0924/005521.071:ERROR:process_memory_win.cc(73)] ReadMemory at 0x5c0a7fc000 of 16384 bytes failed: Only part of a ReadProcessMemory or WriteProcessMemory request was completed. (0x12B)
[0924/005521.071:ERROR:process_memory_win.cc(73)] ReadMemory at 0x5c0affb000 of 20480 bytes failed: Only part of a ReadProcessMemory or WriteProcessMemory request was completed. (0x12B)
[0924/005521.072:ERROR:process_memory_win.cc(73)] ReadMemory at 0x5c0d7fe000 of 8192 bytes failed: Only part of a ReadProcessMemory or WriteProcessMemory request was completed. (0x12B)
[0924/005521.072:ERROR:process_memory_win.cc(73)] ReadMemory at 0x5c0dffe000 of 8192 bytes failed: Only part of a ReadProcessMemory or WriteProcessMemory request was completed. (0x12B)
[0924/005521.072:ERROR:process_memory_win.cc(73)] ReadMemory at 0x5c0efff000 of 4096 bytes failed: Only part of a ReadProcessMemory or WriteProcessMemory request was completed. (0x12B)
[0924/005521.072:ERROR:process_memory_win.cc(73)] ReadMemory at 0x5c06600000 of 6024 bytes failed: Only part of a ReadProcessMemory or WriteProcessMemory request was completed. (0x12B)
[0924/005521.072:ERROR:process_memory_win.cc(73)] ReadMemory at 0x5c06604000 of 6024 bytes failed: Only part of a ReadProcessMemory or WriteProcessMemory request was completed. (0x12B)
[0924/005521.073:ERROR:process_memory_win.cc(73)] ReadMemory at 0x5c067e2000 of 852 bytes failed: Only part of a ReadProcessMemory or WriteProcessMemory request was completed. (0x12B)
[0924/005521.073:ERROR:process_memory_win.cc(73)] ReadMemory at 0x5c067e3000 of 6024 bytes failed: Only part of a ReadProcessMemory or WriteProcessMemory request was completed. (0x12B)
[0924/005521.073:ERROR:process_memory_win.cc(73)] ReadMemory at 0x5c067e5000 of 6024 bytes failed: Only part of a ReadProcessMemory or WriteProcessMemory request was completed. (0x12B)
[0924/005521.073:ERROR:process_memory_win.cc(73)] ReadMemory at 0x5c067e7000 of 6024 bytes failed: Only part of a ReadProcessMemory or WriteProcessMemory request was completed. (0x12B)
[0924/005521.073:ERROR:process_memory_win.cc(73)] ReadMemory at 0x5c067e9000 of 6024 bytes failed: Only part of a ReadProcessMemory or WriteProcessMemory request was completed. (0x12B)
[0924/005521.074:ERROR:process_memory_win.cc(73)] ReadMemory at 0x5c067eb000 of 6024 bytes failed: Only part of a ReadProcessMemory or WriteProcessMemory request was completed. (0x12B)
[0924/005521.074:ERROR:process_memory_win.cc(73)] ReadMemory at 0x5c067ed000 of 6024 bytes failed: Only part of a ReadProcessMemory or WriteProcessMemory request was completed. (0x12B)
[0924/005521.074:ERROR:process_memory_win.cc(73)] ReadMemory at 0x5c067ef000 of 6024 bytes failed: Only part of a ReadProcessMemory or WriteProcessMemory request was completed. (0x12B)
[0924/005521.074:ERROR:process_memory_win.cc(73)] ReadMemory at 0x5c067f1000 of 6024 bytes failed: Only part of a ReadProcessMemory or WriteProcessMemory request was completed. (0x12B)
[0924/005521.074:ERROR:process_memory_win.cc(73)] ReadMemory at 0x5c067f3000 of 6024 bytes failed: Only part of a ReadProcessMemory or WriteProcessMemory request was completed. (0x12B)
[0924/005521.074:ERROR:process_memory_win.cc(73)] ReadMemory at 0x5c067fd000 of 6024 bytes failed: Only part of a ReadProcessMemory or WriteProcessMemory request was completed. (0x12B)
[0924/005521.081:ERROR:process_memory_win.cc(73)] ReadMemory at 0x23348630750 of 80 bytes failed: Only part of a ReadProcessMemory or WriteProcessMemory request was completed. (0x12B)
[0924/005521.081:ERROR:process_memory_win.cc(73)] ReadMemory at 0x23348630ad0 of 512 bytes failed: Only part of a ReadProcessMemory or WriteProcessMemory request was completed. (0x12B)
[0924/005521.082:ERROR:process_memory_win.cc(73)] ReadMemory at 0x23348630fe0 of 5792 bytes failed: Only part of a ReadProcessMemory or WriteProcessMemory request was completed. (0x12B)
[0924/005521.082:ERROR:process_memory_win.cc(73)] ReadMemory at 0x23348632690 of 1012 bytes failed: Only part of a ReadProcessMemory or WriteProcessMemory request was completed. (0x12B)
[0924/005521.082:ERROR:process_memory_win.cc(73)] ReadMemory at 0x23348632cd8 of 118 bytes failed: Only part of a ReadProcessMemory or WriteProcessMemory request was completed. (0x12B)
[0924/005521.082:ERROR:process_memory_win.cc(73)] ReadMemory at 0x23348632d50 of 1272 bytes failed: Only part of a ReadProcessMemory or WriteProcessMemory request was completed. (0x12B)
[0924/005521.082:ERROR:process_memory_win.cc(73)] ReadMemory at 0x2334863324a of 118 bytes failed: Only part of a ReadProcessMemory or WriteProcessMemory request was completed. (0x12B)
[0924/005521.082:ERROR:process_memory_win.cc(73)] ReadMemory at 0x233486332c2 of 30 bytes failed: Only part of a ReadProcessMemory or WriteProcessMemory request was completed. (0x12B)
[0924/005521.082:ERROR:process_memory_win.cc(73)] ReadMemory at 0x233486332f0 of 58 bytes failed: Only part of a ReadProcessMemory or WriteProcessMemory request was completed. (0x12B)
[0924/005521.083:ERROR:process_memory_win.cc(73)] ReadMemory at 0x233486333f0 of 132 bytes failed: Only part of a ReadProcessMemory or WriteProcessMemory request was completed. (0x12B)
[0924/005521.083:ERROR:process_memory_win.cc(73)] ReadMemory at 0x23348633580 of 132 bytes failed: Only part of a ReadProcessMemory or WriteProcessMemory request was completed. (0x12B)
[0924/005521.083:ERROR:process_memory_win.cc(73)] ReadMemory at 0x233486337b0 of 150 bytes failed: Only part of a ReadProcessMemory or WriteProcessMemory request was completed. (0x12B)
[0924/005521.083:ERROR:process_memory_win.cc(73)] ReadMemory at 0x23348633b20 of 132 bytes failed: Only part of a ReadProcessMemory or WriteProcessMemory request was completed. (0x12B)
[0924/005521.083:ERROR:process_memory_win.cc(73)] ReadMemory at 0x23348633cb0 of 64 bytes failed: Only part of a ReadProcessMemory or WriteProcessMemory request was completed. (0x12B)
[0924/005521.083:ERROR:process_memory_win.cc(73)] ReadMemory at 0x23348633e70 of 132 bytes failed: Only part of a ReadProcessMemory or WriteProcessMemory request was completed. (0x12B)
[0924/005521.083:ERROR:process_memory_win.cc(73)] ReadMemory at 0x23348634110 of 132 bytes failed: Only part of a ReadProcessMemory or WriteProcessMemory request was completed. (0x12B)
[0924/005521.084:ERROR:process_memory_win.cc(73)] ReadMemory at 0x233486342a0 of 68 bytes failed: Only part of a ReadProcessMemory or WriteProcessMemory request was completed. (0x12B)
[0924/005521.084:ERROR:process_memory_win.cc(73)] ReadMemory at 0x23348635470 of 132 bytes failed: Only part of a ReadProcessMemory or WriteProcessMemory request was completed. (0x12B)
[0924/005521.084:ERROR:process_memory_win.cc(73)] ReadMemory at 0x23348635600 of 152 bytes failed: Only part of a ReadProcessMemory or WriteProcessMemory request was completed. (0x12B)
[0924/005521.084:ERROR:process_memory_win.cc(73)] ReadMemory at 0x2334863619a of 512 bytes failed: Only part of a ReadProcessMemory or WriteProcessMemory request was completed. (0x12B)
[0924/005521.084:ERROR:process_memory_win.cc(73)] ReadMemory at 0x23348636900 of 132 bytes failed: Only part of a ReadProcessMemory or WriteProcessMemory request was completed. (0x12B)
[0924/005521.084:ERROR:process_memory_win.cc(73)] ReadMemory at 0x23348636a30 of 132 bytes failed: Only part of a ReadProcessMemory or WriteProcessMemory request was completed. (0x12B)
[0924/005521.084:ERROR:process_memory_win.cc(73)] ReadMemory at 0x23348636b60 of 132 bytes failed: Only part of a ReadProcessMemory or WriteProcessMemory request was completed. (0x12B)
[0924/005521.084:ERROR:process_memory_win.cc(73)] ReadMemory at 0x233486377b0 of 62 bytes failed: Only part of a ReadProcessMemory or WriteProcessMemory request was completed. (0x12B)
[0924/005521.085:ERROR:process_memory_win.cc(73)] ReadMemory at 0x23348637800 of 132 bytes failed: Only part of a ReadProcessMemory or WriteProcessMemory request was completed. (0x12B)
[0924/005521.085:ERROR:process_memory_win.cc(73)] ReadMemory at 0x233486379a0 of 132 bytes failed: Only part of a ReadProcessMemory or WriteProcessMemory request was completed. (0x12B)
[0924/005521.085:ERROR:process_memory_win.cc(73)] ReadMemory at 0x23348637ad0 of 60 bytes failed: Only part of a ReadProcessMemory or WriteProcessMemory request was completed. (0x12B)
[0924/005521.085:ERROR:process_memory_win.cc(73)] ReadMemory at 0x23348638090 of 132 bytes failed: Only part of a ReadProcessMemory or WriteProcessMemory request was completed. (0x12B)
[0924/005521.085:ERROR:process_memory_win.cc(73)] ReadMemory at 0x233486382a0 of 132 bytes failed: Only part of a ReadProcessMemory or WriteProcessMemory request was completed. (0x12B)
[0924/005521.085:ERROR:process_memory_win.cc(73)] ReadMemory at 0x23348638540 of 132 bytes failed: Only part of a ReadProcessMemory or WriteProcessMemory request was completed. (0x12B)
[0924/005521.085:ERROR:process_memory_win.cc(73)] ReadMemory at 0x2334863b490 of 60 bytes failed: Only part of a ReadProcessMemory or WriteProcessMemory request was completed. (0x12B)
[0924/005521.085:ERROR:process_memory_win.cc(73)] ReadMemory at 0x2334863b4e0 of 58 bytes failed: Only part of a ReadProcessMemory or WriteProcessMemory request was completed. (0x12B)
[0924/005521.086:ERROR:process_memory_win.cc(73)] ReadMemory at 0x2334863b530 of 60 bytes failed: Only part of a ReadProcessMemory or WriteProcessMemory request was completed. (0x12B)
[0924/005521.086:ERROR:process_memory_win.cc(73)] ReadMemory at 0x2334863b580 of 66 bytes failed: Only part of a ReadProcessMemory or WriteProcessMemory request was completed. (0x12B)
[0924/005521.086:ERROR:process_memory_win.cc(73)] ReadMemory at 0x2334863b5d0 of 62 bytes failed: Only part of a ReadProcessMemory or WriteProcessMemory request was completed. (0x12B)
[0924/005521.092:ERROR:process_memory_win.cc(73)] ReadMemory at 0x2334863b670 of 64 bytes failed: Only part of a ReadProcessMemory or WriteProcessMemory request was completed. (0x12B)
[0924/005521.093:ERROR:process_memory_win.cc(73)] ReadMemory at 0x2334863b710 of 60 bytes failed: Only part of a ReadProcessMemory or WriteProcessMemory request was completed. (0x12B)
[0924/005521.093:ERROR:process_memory_win.cc(73)] ReadMemory at 0x2334863b7b0 of 64 bytes failed: Only part of a ReadProcessMemory or WriteProcessMemory request was completed. (0x12B)
[0924/005521.093:ERROR:process_memory_win.cc(73)] ReadMemory at 0x2334863b800 of 66 bytes failed: Only part of a ReadProcessMemory or WriteProcessMemory request was completed. (0x12B)
[0924/005521.093:ERROR:process_memory_win.cc(73)] ReadMemory at 0x2334863bd10 of 52 bytes failed: Only part of a ReadProcessMemory or WriteProcessMemory request was completed. (0x12B)
[0924/005521.093:ERROR:process_memory_win.cc(73)] ReadMemory at 0x2334863cad0 of 54 bytes failed: Only part of a ReadProcessMemory or WriteProcessMemory request was completed. (0x12B)
[0924/005521.093:ERROR:process_memory_win.cc(73)] ReadMemory at 0x2334863ed70 of 132 bytes failed: Only part of a ReadProcessMemory or WriteProcessMemory request was completed. (0x12B)
[0924/005521.093:ERROR:process_memory_win.cc(73)] ReadMemory at 0x2334863eea0 of 132 bytes failed: Only part of a ReadProcessMemory or WriteProcessMemory request was completed. (0x12B)
[0924/005521.093:ERROR:process_memory_win.cc(73)] ReadMemory at 0x2334863efd0 of 156 bytes failed: Only part of a ReadProcessMemory or WriteProcessMemory request was completed. (0x12B)
[0924/005521.094:ERROR:process_memory_win.cc(73)] ReadMemory at 0x23348640b20 of 132 bytes failed: Only part of a ReadProcessMemory or WriteProcessMemory request was completed. (0x12B)
[0924/005521.094:ERROR:process_memory_win.cc(73)] ReadMemory at 0x23348644790 of 64 bytes failed: Only part of a ReadProcessMemory or WriteProcessMemory request was completed. (0x12B)
[0924/005521.094:ERROR:process_memory_win.cc(73)] ReadMemory at 0x23348644880 of 62 bytes failed: Only part of a ReadProcessMemory or WriteProcessMemory request was completed. (0x12B)
[0924/005521.094:ERROR:process_memory_win.cc(73)] ReadMemory at 0x233486448d0 of 60 bytes failed: Only part of a ReadProcessMemory or WriteProcessMemory request was completed. (0x12B)
[0924/005521.094:ERROR:process_memory_win.cc(73)] ReadMemory at 0x23348644920 of 60 bytes failed: Only part of a ReadProcessMemory or WriteProcessMemory request was completed. (0x12B)
[0924/005521.094:ERROR:process_memory_win.cc(73)] ReadMemory at 0x23348644970 of 58 bytes failed: Only part of a ReadProcessMemory or WriteProcessMemory request was completed. (0x12B)
[0924/005521.094:ERROR:process_memory_win.cc(73)] ReadMemory at 0x233486449c0 of 62 bytes failed: Only part of a ReadProcessMemory or WriteProcessMemory request was completed. (0x12B)
[0924/005521.094:ERROR:process_memory_win.cc(73)] ReadMemory at 0x23348644a60 of 62 bytes failed: Only part of a ReadProcessMemory or WriteProcessMemory request was completed. (0x12B)
[0924/005521.095:ERROR:process_memory_win.cc(73)] ReadMemory at 0x23348644b50 of 64 bytes failed: Only part of a ReadProcessMemory or WriteProcessMemory request was completed. (0x12B)
[0924/005521.095:ERROR:process_memory_win.cc(73)] ReadMemory at 0x23348644ba0 of 62 bytes failed: Only part of a ReadProcessMemory or WriteProcessMemory request was completed. (0x12B)
[0924/005521.095:ERROR:process_memory_win.cc(73)] ReadMemory at 0x23348644bf0 of 60 bytes failed: Only part of a ReadProcessMemory or WriteProcessMemory request was completed. (0x12B)
[0924/005521.095:ERROR:process_memory_win.cc(73)] ReadMemory at 0x23348644c40 of 64 bytes failed: Only part of a ReadProcessMemory or WriteProcessMemory request was completed. (0x12B)
[0924/005521.095:ERROR:process_memory_win.cc(73)] ReadMemory at 0x23348644ce0 of 62 bytes failed: Only part of a ReadProcessMemory or WriteProcessMemory request was completed. (0x12B)
[0924/005521.095:ERROR:process_memory_win.cc(73)] ReadMemory at 0x23348644dd0 of 58 bytes failed: Only part of a ReadProcessMemory or WriteProcessMemory request was completed. (0x12B)
[0924/005521.095:ERROR:process_memory_win.cc(73)] ReadMemory at 0x23348644e20 of 64 bytes failed: Only part of a ReadProcessMemory or WriteProcessMemory request was completed. (0x12B)
[0924/005521.095:ERROR:process_memory_win.cc(73)] ReadMemory at 0x23348644e70 of 62 bytes failed: Only part of a ReadProcessMemory or WriteProcessMemory request was completed. (0x12B)
[0924/005521.095:ERROR:process_memory_win.cc(73)] ReadMemory at 0x23348644ec0 of 60 bytes failed: Only part of a ReadProcessMemory or WriteProcessMemory request was completed. (0x12B)
[0924/005521.096:ERROR:process_memory_win.cc(73)] ReadMemory at 0x23348646280 of 512 bytes failed: Only part of a ReadProcessMemory or WriteProcessMemory request was completed. (0x12B)
[0924/005521.096:ERROR:process_memory_win.cc(73)] ReadMemory at 0x23348647e90 of 132 bytes failed: Only part of a ReadProcessMemory or WriteProcessMemory request was completed. (0x12B)
[0924/005521.096:ERROR:process_memory_win.cc(73)] ReadMemory at 0x23348647fc0 of 132 bytes failed: Only part of a ReadProcessMemory or WriteProcessMemory request was completed. (0x12B)
[0924/005521.096:ERROR:process_memory_win.cc(73)] ReadMemory at 0x233486480f0 of 132 bytes failed: Only part of a ReadProcessMemory or WriteProcessMemory request was completed. (0x12B)
[0924/005521.096:ERROR:process_memory_win.cc(73)] ReadMemory at 0x23348648220 of 132 bytes failed: Only part of a ReadProcessMemory or WriteProcessMemory request was completed. (0x12B)
[0924/005521.096:ERROR:process_memory_win.cc(73)] ReadMemory at 0x23348648350 of 132 bytes failed: Only part of a ReadProcessMemory or WriteProcessMemory request was completed. (0x12B)
[0924/005521.096:ERROR:process_memory_win.cc(73)] ReadMemory at 0x23348648480 of 132 bytes failed: Only part of a ReadProcessMemory or WriteProcessMemory request was completed. (0x12B)
[0924/005521.096:ERROR:process_memory_win.cc(73)] ReadMemory at 0x233486485b0 of 132 bytes failed: Only part of a ReadProcessMemory or WriteProcessMemory request was completed. (0x12B)
[0924/005521.097:ERROR:process_memory_win.cc(73)] ReadMemory at 0x233486486e0 of 132 bytes failed: Only part of a ReadProcessMemory or WriteProcessMemory request was completed. (0x12B)
[0924/005521.097:ERROR:process_memory_win.cc(73)] ReadMemory at 0x23348648810 of 132 bytes failed: Only part of a ReadProcessMemory or WriteProcessMemory request was completed. (0x12B)
[0924/005521.097:ERROR:process_memory_win.cc(73)] ReadMemory at 0x23348648940 of 132 bytes failed: Only part of a ReadProcessMemory or WriteProcessMemory request was completed. (0x12B)
[0924/005521.097:ERROR:process_memory_win.cc(73)] ReadMemory at 0x23348648a70 of 132 bytes failed: Only part of a ReadProcessMemory or WriteProcessMemory request was completed. (0x12B)
[0924/005521.097:ERROR:process_memory_win.cc(73)] ReadMemory at 0x23348648ba0 of 132 bytes failed: Only part of a ReadProcessMemory or WriteProcessMemory request was completed. (0x12B)
[0924/005521.097:ERROR:process_memory_win.cc(73)] ReadMemory at 0x23348648cd0 of 132 bytes failed: Only part of a ReadProcessMemory or WriteProcessMemory request was completed. (0x12B)
[0924/005521.097:ERROR:process_memory_win.cc(73)] ReadMemory at 0x2334864c410 of 76 bytes failed: Only part of a ReadProcessMemory or WriteProcessMemory request was completed. (0x12B)
[0924/005521.097:ERROR:process_memory_win.cc(73)] ReadMemory at 0x2334864c530 of 78 bytes failed: Only part of a ReadProcessMemory or WriteProcessMemory request was completed. (0x12B)
[0924/005521.097:ERROR:process_memory_win.cc(73)] ReadMemory at 0x2334864d240 of 132 bytes failed: Only part of a ReadProcessMemory or WriteProcessMemory request was completed. (0x12B)
[0924/005521.097:ERROR:process_memory_win.cc(73)] ReadMemory at 0x2334864d370 of 132 bytes failed: Only part of a ReadProcessMemory or WriteProcessMemory request was completed. (0x12B)
[0924/005521.098:ERROR:process_memory_win.cc(73)] ReadMemory at 0x2334864d4a0 of 132 bytes failed: Only part of a ReadProcessMemory or WriteProcessMemory request was completed. (0x12B)
[0924/005521.098:ERROR:process_memory_win.cc(73)] ReadMemory at 0x2334864d5d0 of 132 bytes failed: Only part of a ReadProcessMemory or WriteProcessMemory request was completed. (0x12B)
[0924/005521.098:ERROR:process_memory_win.cc(73)] ReadMemory at 0x2334864d700 of 132 bytes failed: Only part of a ReadProcessMemory or WriteProcessMemory request was completed. (0x12B)
[0924/005521.098:ERROR:process_memory_win.cc(73)] ReadMemory at 0x2334864d830 of 132 bytes failed: Only part of a ReadProcessMemory or WriteProcessMemory request was completed. (0x12B)
[0924/005521.098:ERROR:process_memory_win.cc(73)] ReadMemory at 0x2334864d960 of 132 bytes failed: Only part of a ReadProcessMemory or WriteProcessMemory request was completed. (0x12B)
[0924/005521.098:ERROR:process_memory_win.cc(73)] ReadMemory at 0x2334864da90 of 132 bytes failed: Only part of a ReadProcessMemory or WriteProcessMemory request was completed. (0x12B)
[0924/005521.098:ERROR:process_memory_win.cc(73)] ReadMemory at 0x2334864dbc0 of 132 bytes failed: Only part of a ReadProcessMemory or WriteProcessMemory request was completed. (0x12B)
[0924/005521.098:ERROR:process_memory_win.cc(73)] ReadMemory at 0x2334864dcf0 of 132 bytes failed: Only part of a ReadProcessMemory or WriteProcessMemory request was completed. (0x12B)
[0924/005521.098:ERROR:process_memory_win.cc(73)] ReadMemory at 0x2334864de20 of 132 bytes failed: Only part of a ReadProcessMemory or WriteProcessMemory request was completed. (0x12B)
[0924/005521.099:ERROR:process_memory_win.cc(73)] ReadMemory at 0x2334864df50 of 132 bytes failed: Only part of a ReadProcessMemory or WriteProcessMemory request was completed. (0x12B)
[0924/005521.099:ERROR:process_memory_win.cc(73)] ReadMemory at 0x2334864e080 of 132 bytes failed: Only part of a ReadProcessMemory or WriteProcessMemory request was completed. (0x12B)
[0924/005521.099:ERROR:process_memory_win.cc(73)] ReadMemory at 0x2334864e1b0 of 132 bytes failed: Only part of a ReadProcessMemory or WriteProcessMemory request was completed. (0x12B)
[0924/005521.099:ERROR:process_memory_win.cc(73)] ReadMemory at 0x2334864e2e0 of 132 bytes failed: Only part of a ReadProcessMemory or WriteProcessMemory request was completed. (0x12B)
[0924/005521.099:ERROR:process_memory_win.cc(73)] ReadMemory at 0x2334864e410 of 132 bytes failed: Only part of a ReadProcessMemory or WriteProcessMemory request was completed. (0x12B)
[0924/005521.099:ERROR:process_memory_win.cc(73)] ReadMemory at 0x2334864e540 of 132 bytes failed: Only part of a ReadProcessMemory or WriteProcessMemory request was completed. (0x12B)
[0924/005521.099:ERROR:process_memory_win.cc(73)] ReadMemory at 0x2334864e670 of 132 bytes failed: Only part of a ReadProcessMemory or WriteProcessMemory request was completed. (0x12B)
[0924/005521.100:ERROR:process_memory_win.cc(73)] ReadMemory at 0x2334864e7a0 of 132 bytes failed: Only part of a ReadProcessMemory or WriteProcessMemory request was completed. (0x12B)
[0924/005521.100:ERROR:process_memory_win.cc(73)] ReadMemory at 0x2334864e8d0 of 132 bytes failed: Only part of a ReadProcessMemory or WriteProcessMemory request was completed. (0x12B)
[0924/005521.100:ERROR:process_memory_win.cc(73)] ReadMemory at 0x2334864ea00 of 132 bytes failed: Only part of a ReadProcessMemory or WriteProcessMemory request was completed. (0x12B)
[0924/005521.100:ERROR:process_memory_win.cc(73)] ReadMemory at 0x2334864eb30 of 132 bytes failed: Only part of a ReadProcessMemory or WriteProcessMemory request was completed. (0x12B)
[0924/005521.100:ERROR:process_memory_win.cc(73)] ReadMemory at 0x2334864ec60 of 132 bytes failed: Only part of a ReadProcessMemory or WriteProcessMemory request was completed. (0x12B)
[0924/005521.100:ERROR:process_memory_win.cc(73)] ReadMemory at 0x2334864ed90 of 132 bytes failed: Only part of a ReadProcessMemory or WriteProcessMemory request was completed. (0x12B)
[0924/005521.100:ERROR:process_memory_win.cc(73)] ReadMemory at 0x2334864eec0 of 132 bytes failed: Only part of a ReadProcessMemory or WriteProcessMemory request was completed. (0x12B)
[0924/005521.100:ERROR:process_memory_win.cc(73)] ReadMemory at 0x2334864eff0 of 132 bytes failed: Only part of a ReadProcessMemory or WriteProcessMemory request was completed. (0x12B)
[0924/005521.101:ERROR:process_memory_win.cc(73)] ReadMemory at 0x23348651230 of 66 bytes failed: Only part of a ReadProcessMemory or WriteProcessMemory request was completed. (0x12B)
[0924/005521.101:ERROR:process_memory_win.cc(73)] ReadMemory at 0x23348651370 of 64 bytes failed: Only part of a ReadProcessMemory or WriteProcessMemory request was completed. (0x12B)
[0924/005521.101:ERROR:process_memory_win.cc(73)] ReadMemory at 0x23348651410 of 62 bytes failed: Only part of a ReadProcessMemory or WriteProcessMemory request was completed. (0x12B)
[0924/005521.101:ERROR:process_memory_win.cc(73)] ReadMemory at 0x233486515a0 of 62 bytes failed: Only part of a ReadProcessMemory or WriteProcessMemory request was completed. (0x12B)
[0924/005521.101:ERROR:process_memory_win.cc(73)] ReadMemory at 0x23348651870 of 62 bytes failed: Only part of a ReadProcessMemory or WriteProcessMemory request was completed. (0x12B)
[0924/005521.101:ERROR:process_memory_win.cc(73)] ReadMemory at 0x23348651960 of 64 bytes failed: Only part of a ReadProcessMemory or WriteProcessMemory request was completed. (0x12B)
[0924/005521.101:ERROR:process_memory_win.cc(73)] ReadMemory at 0x233486519b0 of 58 bytes failed: Only part of a ReadProcessMemory or WriteProcessMemory request was completed. (0x12B)
[0924/005521.101:ERROR:process_memory_win.cc(73)] ReadMemory at 0x23348651b40 of 64 bytes failed: Only part of a ReadProcessMemory or WriteProcessMemory request was completed. (0x12B)
[0924/005521.102:ERROR:process_memory_win.cc(73)] ReadMemory at 0x23348651c30 of 60 bytes failed: Only part of a ReadProcessMemory or WriteProcessMemory request was completed. (0x12B)
[0924/005521.102:ERROR:process_memory_win.cc(73)] ReadMemory at 0x23348652090 of 62 bytes failed: Only part of a ReadProcessMemory or WriteProcessMemory request was completed. (0x12B)
[0924/005521.102:ERROR:process_memory_win.cc(73)] ReadMemory at 0x233486520e0 of 62 bytes failed: Only part of a ReadProcessMemory or WriteProcessMemory request was completed. (0x12B)
[0924/005521.102:ERROR:process_memory_win.cc(73)] ReadMemory at 0x23348652130 of 62 bytes failed: Only part of a ReadProcessMemory or WriteProcessMemory request was completed. (0x12B)
[0924/005521.102:ERROR:process_memory_win.cc(73)] ReadMemory at 0x2334865c060 of 62 bytes failed: Only part of a ReadProcessMemory or WriteProcessMemory request was completed. (0x12B)
[0924/005521.102:ERROR:process_memory_win.cc(73)] ReadMemory at 0x2334865c0b0 of 58 bytes failed: Only part of a ReadProcessMemory or WriteProcessMemory request was completed. (0x12B)
[0924/005521.102:ERROR:process_memory_win.cc(73)] ReadMemory at 0x2334865c600 of 70 bytes failed: Only part of a ReadProcessMemory or WriteProcessMemory request was completed. (0x12B)
[0924/005521.103:ERROR:process_memory_win.cc(73)] ReadMemory at 0x2334865c790 of 66 bytes failed: Only part of a ReadProcessMemory or WriteProcessMemory request was completed. (0x12B)
[0924/005521.103:ERROR:process_memory_win.cc(73)] ReadMemory at 0x2334865cab0 of 58 bytes failed: Only part of a ReadProcessMemory or WriteProcessMemory request was completed. (0x12B)
[0924/005521.103:ERROR:process_memory_win.cc(73)] ReadMemory at 0x2334865cb50 of 60 bytes failed: Only part of a ReadProcessMemory or WriteProcessMemory request was completed. (0x12B)
[0924/005521.103:ERROR:process_memory_win.cc(73)] ReadMemory at 0x2334865cc40 of 60 bytes failed: Only part of a ReadProcessMemory or WriteProcessMemory request was completed. (0x12B)
[0924/005521.103:ERROR:process_memory_win.cc(73)] ReadMemory at 0x2334865cdd0 of 64 bytes failed: Only part of a ReadProcessMemory or WriteProcessMemory request was completed. (0x12B)
[0924/005521.103:ERROR:process_memory_win.cc(73)] ReadMemory at 0x233486693e0 of 62 bytes failed: Only part of a ReadProcessMemory or WriteProcessMemory request was completed. (0x12B)
[0924/005521.103:ERROR:process_memory_win.cc(73)] ReadMemory at 0x23348669570 of 68 bytes failed: Only part of a ReadProcessMemory or WriteProcessMemory request was completed. (0x12B)
[0924/005521.103:ERROR:process_memory_win.cc(73)] ReadMemory at 0x23348669de0 of 60 bytes failed: Only part of a ReadProcessMemory or WriteProcessMemory request was completed. (0x12B)
[0924/005521.104:ERROR:process_memory_win.cc(73)] ReadMemory at 0x2334866a4d0 of 76 bytes failed: Only part of a ReadProcessMemory or WriteProcessMemory request was completed. (0x12B)
[0924/005521.104:ERROR:process_memory_win.cc(73)] ReadMemory at 0x2334866a7d0 of 72 bytes failed: Only part of a ReadProcessMemory or WriteProcessMemory request was completed. (0x12B)
[0924/005521.104:ERROR:process_memory_win.cc(73)] ReadMemory at 0x2334866d1f0 of 132 bytes failed: Only part of a ReadProcessMemory or WriteProcessMemory request was completed. (0x12B)
[0924/005521.104:ERROR:process_memory_win.cc(73)] ReadMemory at 0x2334866d320 of 132 bytes failed: Only part of a ReadProcessMemory or WriteProcessMemory request was completed. (0x12B)
[0924/005521.104:ERROR:process_memory_win.cc(73)] ReadMemory at 0x2334866d450 of 132 bytes failed: Only part of a ReadProcessMemory or WriteProcessMemory request was completed. (0x12B)
[0924/005521.104:ERROR:process_memory_win.cc(73)] ReadMemory at 0x2334866d580 of 132 bytes failed: Only part of a ReadProcessMemory or WriteProcessMemory request was completed. (0x12B)
[0924/005521.104:ERROR:process_memory_win.cc(73)] ReadMemory at 0x2334866d6b0 of 132 bytes failed: Only part of a ReadProcessMemory or WriteProcessMemory request was completed. (0x12B)
[0924/005521.105:ERROR:process_memory_win.cc(73)] ReadMemory at 0x2334866d7e0 of 132 bytes failed: Only part of a ReadProcessMemory or WriteProcessMemory request was completed. (0x12B)
[0924/005521.105:ERROR:process_memory_win.cc(73)] ReadMemory at 0x2334866d910 of 132 bytes failed: Only part of a ReadProcessMemory or WriteProcessMemory request was completed. (0x12B)
[0924/005521.105:ERROR:process_memory_win.cc(73)] ReadMemory at 0x2334866da40 of 132 bytes failed: Only part of a ReadProcessMemory or WriteProcessMemory request was completed. (0x12B)
[0924/005521.105:ERROR:process_memory_win.cc(73)] ReadMemory at 0x2334866db70 of 132 bytes failed: Only part of a ReadProcessMemory or WriteProcessMemory request was completed. (0x12B)
[0924/005521.105:ERROR:process_memory_win.cc(73)] ReadMemory at 0x2334866dca0 of 132 bytes failed: Only part of a ReadProcessMemory or WriteProcessMemory request was completed. (0x12B)
[0924/005521.105:ERROR:process_memory_win.cc(73)] ReadMemory at 0x2334866ddd0 of 132 bytes failed: Only part of a ReadProcessMemory or WriteProcessMemory request was completed. (0x12B)
[0924/005521.105:ERROR:process_memory_win.cc(73)] ReadMemory at 0x2334866df00 of 132 bytes failed: Only part of a ReadProcessMemory or WriteProcessMemory request was completed. (0x12B)
[0924/005521.105:ERROR:process_memory_win.cc(73)] ReadMemory at 0x2334866e030 of 132 bytes failed: Only part of a ReadProcessMemory or WriteProcessMemory request was completed. (0x12B)
[0924/005521.106:ERROR:process_memory_win.cc(73)] ReadMemory at 0x2334866e160 of 132 bytes failed: Only part of a ReadProcessMemory or WriteProcessMemory request was completed. (0x12B)
[0924/005521.106:ERROR:process_memory_win.cc(73)] ReadMemory at 0x2334866e750 of 132 bytes failed: Only part of a ReadProcessMemory or WriteProcessMemory request was completed. (0x12B)
[0924/005521.106:ERROR:process_memory_win.cc(73)] ReadMemory at 0x2334866e880 of 132 bytes failed: Only part of a ReadProcessMemory or WriteProcessMemory request was completed. (0x12B)
[0924/005521.106:ERROR:process_memory_win.cc(73)] ReadMemory at 0x2334866e9b0 of 132 bytes failed: Only part of a ReadProcessMemory or WriteProcessMemory request was completed. (0x12B)
[0924/005521.106:ERROR:process_memory_win.cc(73)] ReadMemory at 0x2334866eae0 of 132 bytes failed: Only part of a ReadProcessMemory or WriteProcessMemory request was completed. (0x12B)
[0924/005521.106:ERROR:process_memory_win.cc(73)] ReadMemory at 0x2334866ec10 of 132 bytes failed: Only part of a ReadProcessMemory or WriteProcessMemory request was completed. (0x12B)
[0924/005521.107:ERROR:process_memory_win.cc(73)] ReadMemory at 0x2334866ed40 of 132 bytes failed: Only part of a ReadProcessMemory or WriteProcessMemory request was completed. (0x12B)
[0924/005521.107:ERROR:process_memory_win.cc(73)] ReadMemory at 0x2334866ee70 of 132 bytes failed: Only part of a ReadProcessMemory or WriteProcessMemory request was completed. (0x12B)
[0924/005521.107:ERROR:process_memory_win.cc(73)] ReadMemory at 0x2334866efa0 of 132 bytes failed: Only part of a ReadProcessMemory or WriteProcessMemory request was completed. (0x12B)
[0924/005521.107:ERROR:process_memory_win.cc(73)] ReadMemory at 0x23348671400 of 124 bytes failed: Only part of a ReadProcessMemory or WriteProcessMemory request was completed. (0x12B)
[0924/005521.107:ERROR:process_memory_win.cc(73)] ReadMemory at 0x2334868bf10 of 144 bytes failed: Only part of a ReadProcessMemory or WriteProcessMemory request was completed. (0x12B)
[0924/005521.107:ERROR:process_memory_win.cc(73)] ReadMemory at 0x2334868fcb0 of 512 bytes failed: Only part of a ReadProcessMemory or WriteProcessMemory request was completed. (0x12B)
[0924/005521.107:ERROR:process_memory_win.cc(73)] ReadMemory at 0x233486905a0 of 58 bytes failed: Only part of a ReadProcessMemory or WriteProcessMemory request was completed. (0x12B)
[0924/005521.107:ERROR:process_memory_win.cc(73)] ReadMemory at 0x23348690690 of 60 bytes failed: Only part of a ReadProcessMemory or WriteProcessMemory request was completed. (0x12B)
[0924/005521.107:ERROR:process_memory_win.cc(73)] ReadMemory at 0x233486906e0 of 64 bytes failed: Only part of a ReadProcessMemory or WriteProcessMemory request was completed. (0x12B)
[0924/005521.108:ERROR:process_memory_win.cc(73)] ReadMemory at 0x23348690780 of 60 bytes failed: Only part of a ReadProcessMemory or WriteProcessMemory request was completed. (0x12B)
[0924/005521.108:ERROR:process_memory_win.cc(73)] ReadMemory at 0x23348690e60 of 56 bytes failed: Only part of a ReadProcessMemory or WriteProcessMemory request was completed. (0x12B)
[0924/005521.108:ERROR:process_memory_win.cc(73)] ReadMemory at 0x23348690f00 of 70 bytes failed: Only part of a ReadProcessMemory or WriteProcessMemory request was completed. (0x12B)
[0924/005521.108:ERROR:process_memory_win.cc(73)] ReadMemory at 0x23348691130 of 58 bytes failed: Only part of a ReadProcessMemory or WriteProcessMemory request was completed. (0x12B)
[0924/005521.108:ERROR:process_memory_win.cc(73)] ReadMemory at 0x233486914f0 of 60 bytes failed: Only part of a ReadProcessMemory or WriteProcessMemory request was completed. (0x12B)
[0924/005521.108:ERROR:process_memory_win.cc(73)] ReadMemory at 0x233486cf320 of 62 bytes failed: Only part of a ReadProcessMemory or WriteProcessMemory request was completed. (0x12B)
[0924/005521.108:ERROR:process_memory_win.cc(73)] ReadMemory at 0x233486cfaa0 of 64 bytes failed: Only part of a ReadProcessMemory or WriteProcessMemory request was completed. (0x12B)
[0924/005521.108:ERROR:process_memory_win.cc(73)] ReadMemory at 0x233486dbea0 of 512 bytes failed: Only part of a ReadProcessMemory or WriteProcessMemory request was completed. (0x12B)
[0924/005521.109:ERROR:process_memory_win.cc(73)] ReadMemory at 0x233486ede50 of 512 bytes failed: Only part of a ReadProcessMemory or WriteProcessMemory request was completed. (0x12B)
[0924/005521.109:ERROR:process_memory_win.cc(73)] ReadMemory at 0x233486ef530 of 66 bytes failed: Only part of a ReadProcessMemory or WriteProcessMemory request was completed. (0x12B)
[0924/005521.109:ERROR:process_memory_win.cc(73)] ReadMemory at 0x233486efc98 of 512 bytes failed: Only part of a ReadProcessMemory or WriteProcessMemory request was completed. (0x12B)
[0924/005521.109:ERROR:process_memory_win.cc(73)] ReadMemory at 0x233486f0c00 of 62 bytes failed: Only part of a ReadProcessMemory or WriteProcessMemory request was completed. (0x12B)
[0924/005521.109:ERROR:process_memory_win.cc(73)] ReadMemory at 0x233486f3250 of 74 bytes failed: Only part of a ReadProcessMemory or WriteProcessMemory request was completed. (0x12B)
[0924/005521.109:ERROR:process_memory_win.cc(73)] ReadMemory at 0x233486f34d0 of 512 bytes failed: Only part of a ReadProcessMemory or WriteProcessMemory request was completed. (0x12B)
[0924/005521.109:ERROR:process_memory_win.cc(73)] ReadMemory at 0x23348703420 of 512 bytes failed: Only part of a ReadProcessMemory or WriteProcessMemory request was completed. (0x12B)
[0924/005521.109:ERROR:process_memory_win.cc(73)] ReadMemory at 0x233487049f0 of 512 bytes failed: Only part of a ReadProcessMemory or WriteProcessMemory request was completed. (0x12B)
[0924/005521.110:ERROR:process_memory_win.cc(73)] ReadMemory at 0x2334870d320 of 512 bytes failed: Only part of a ReadProcessMemory or WriteProcessMemory request was completed. (0x12B)
[0924/005521.110:ERROR:process_memory_win.cc(73)] ReadMemory at 0x2334870d6a0 of 512 bytes failed: Only part of a ReadProcessMemory or WriteProcessMemory request was completed. (0x12B)
[0924/005521.110:ERROR:process_memory_win.cc(73)] ReadMemory at 0x233487294d0 of 512 bytes failed: Only part of a ReadProcessMemory or WriteProcessMemory request was completed. (0x12B)
[0924/005521.110:ERROR:process_memory_win.cc(73)] ReadMemory at 0x23348729850 of 512 bytes failed: Only part of a ReadProcessMemory or WriteProcessMemory request was completed. (0x12B)
[0924/005521.110:ERROR:process_memory_win.cc(73)] ReadMemory at 0x2334872df50 of 512 bytes failed: Only part of a ReadProcessMemory or WriteProcessMemory request was completed. (0x12B)
[0924/005521.110:ERROR:process_memory_win.cc(73)] ReadMemory at 0x233487a1540 of 512 bytes failed: Only part of a ReadProcessMemory or WriteProcessMemory request was completed. (0x12B)
[0924/005521.110:ERROR:process_memory_win.cc(73)] ReadMemory at 0x233488cb130 of 512 bytes failed: Only part of a ReadProcessMemory or WriteProcessMemory request was completed. (0x12B)
[0924/005521.111:ERROR:process_memory_win.cc(73)] ReadMemory at 0x2334892b2b0 of 512 bytes failed: Only part of a ReadProcessMemory or WriteProcessMemory request was completed. (0x12B)
[0924/005521.111:ERROR:process_memory_win.cc(73)] ReadMemory at 0x7ffd73486acc of 512 bytes failed: Only part of a ReadProcessMemory or WriteProcessMemory request was completed. (0x12B)
[0924/005521.111:ERROR:process_memory_win.cc(73)] ReadMemory at 0x7ffd76ae8ef0 of 512 bytes failed: Only part of a ReadProcessMemory or WriteProcessMemory request was completed. (0x12B)
[0924/005521.111:ERROR:process_memory_win.cc(73)] ReadMemory at 0x7ffd7dc5d80a of 512 bytes failed: Only part of a ReadProcessMemory or WriteProcessMemory request was completed. (0x12B)
[0924/005521.111:ERROR:process_memory_win.cc(73)] ReadMemory at 0x7ffd7dfcd370 of 512 bytes failed: Only part of a ReadProcessMemory or WriteProcessMemory request was completed. (0x12B)
[0924/005521.135:ERROR:scoped_process_suspend.cc(40)] NtResumeProcess: An attempt was made to access an exiting process. (0xc000010a)
